Using pre-set license
Built from '2020.3/staging' branch; Version is '2020.3.24f1 (79c78de19888) revision 7980941'; Using compiler version '192528614'; Build Type 'Release'
OS: 'Windows 11  (10.0.22000) 64bit Core' Language: 'en' Physical Memory: 15774 MB
BatchMode: 1, IsHumanControllingUs: 0, StartBugReporterOnCrash: 0, Is64bit: 1, IsPro: 0

COMMAND LINE ARGUMENTS:
C:\Program Files\Unity\Hub\Editor\2020.3.24f1\Editor\Unity.exe
-adb2
-batchMode
-noUpm
-name
AssetImportWorker0
-projectPath
C:/Users/abela/OneDrive/Documentos/ReposHanna/Enigma
-logFile
Logs/AssetImportWorker0.log
-srvPort
61506
Successfully changed project path to: C:/Users/abela/OneDrive/Documentos/ReposHanna/Enigma
C:/Users/abela/OneDrive/Documentos/ReposHanna/Enigma
Using Asset Import Pipeline V2.
Refreshing native plugins compatible for Editor in 41.27 ms, found 2 plugins.
Preloading 0 native plugins for Editor in 0.00 ms.
Initialize engine version: 2020.3.24f1 (79c78de19888)
[Subsystems] Discovering subsystems at path C:/Program Files/Unity/Hub/Editor/2020.3.24f1/Editor/Data/Resources/UnitySubsystems
[Subsystems] Discovering subsystems at path C:/Users/abela/OneDrive/Documentos/ReposHanna/Enigma/Assets
GfxDevice: creating device client; threaded=0
Direct3D:
    Version:  Direct3D 11.0 [level 11.1]
    Renderer: NVIDIA GeForce RTX 3060 Laptop GPU (ID=0x2520)
    Vendor:   
    VRAM:     6023 MB
    Driver:   30.0.14.9649
Initialize mono
Mono path[0] = 'C:/Program Files/Unity/Hub/Editor/2020.3.24f1/Editor/Data/Managed'
Mono path[1] = 'C:/Program Files/Unity/Hub/Editor/2020.3.24f1/Editor/Data/MonoBleedingEdge/lib/mono/unityjit'
Mono config path = 'C:/Program Files/Unity/Hub/Editor/2020.3.24f1/Editor/Data/MonoBleedingEdge/etc'
Using monoOptions --debugger-agent=transport=dt_socket,embedding=1,server=y,suspend=n,address=127.0.0.1:56452
Begin MonoManager ReloadAssembly
Registering precompiled unity dll's ...
Register platform support module: C:/Program Files/Unity/Hub/Editor/2020.3.24f1/Editor/Data/PlaybackEngines/WindowsStandaloneSupport/UnityEditor.WindowsStandalone.Extensions.dll
Registered in 0.002344 seconds.
Native extension for WindowsStandalone target not found
Refreshing native plugins compatible for Editor in 38.38 ms, found 2 plugins.
Preloading 0 native plugins for Editor in 0.00 ms.
Mono: successfully reloaded assembly
- Completed reload, in  0.719 seconds
Domain Reload Profiling:
	ReloadAssembly (719ms)
		BeginReloadAssembly (72ms)
			ExecutionOrderSort (0ms)
			DisableScriptedObjects (0ms)
			BackupInstance (0ms)
			ReleaseScriptingObjects (0ms)
			CreateAndSetChildDomain (1ms)
		EndReloadAssembly (554ms)
			LoadAssemblies (70ms)
			RebuildTransferFunctionScriptingTraits (0ms)
			SetupTypeCache (181ms)
			ReleaseScriptCaches (0ms)
			RebuildScriptCaches (34ms)
			SetupLoadedEditorAssemblies (203ms)
				LogAssemblyErrors (0ms)
				InitializePlatformSupportModulesInManaged (5ms)
				SetLoadedEditorAssemblies (0ms)
				RefreshPlugins (38ms)
				BeforeProcessingInitializeOnLoad (14ms)
				ProcessInitializeOnLoadAttributes (105ms)
				ProcessInitializeOnLoadMethodAttributes (40ms)
				AfterProcessingInitializeOnLoad (0ms)
				EditorAssembliesLoaded (0ms)
			ExecutionOrderSort2 (0ms)
			AwakeInstancesAfterBackupRestoration (0ms)
Platform modules already initialized, skipping
Registering precompiled user dll's ...
Registered in 0.006106 seconds.
Begin MonoManager ReloadAssembly
Native extension for WindowsStandalone target not found
Refreshing native plugins compatible for Editor in 0.50 ms, found 2 plugins.
Preloading 0 native plugins for Editor in 0.00 ms.
Mono: successfully reloaded assembly
- Completed reload, in  1.279 seconds
Domain Reload Profiling:
	ReloadAssembly (1280ms)
		BeginReloadAssembly (176ms)
			ExecutionOrderSort (0ms)
			DisableScriptedObjects (9ms)
			BackupInstance (0ms)
			ReleaseScriptingObjects (0ms)
			CreateAndSetChildDomain (22ms)
		EndReloadAssembly (1023ms)
			LoadAssemblies (111ms)
			RebuildTransferFunctionScriptingTraits (0ms)
			SetupTypeCache (407ms)
			ReleaseScriptCaches (0ms)
			RebuildScriptCaches (46ms)
			SetupLoadedEditorAssemblies (359ms)
				LogAssemblyErrors (0ms)
				InitializePlatformSupportModulesInManaged (6ms)
				SetLoadedEditorAssemblies (1ms)
				RefreshPlugins (1ms)
				BeforeProcessingInitializeOnLoad (71ms)
				ProcessInitializeOnLoadAttributes (260ms)
				ProcessInitializeOnLoadMethodAttributes (12ms)
				AfterProcessingInitializeOnLoad (8ms)
				EditorAssembliesLoaded (0ms)
			ExecutionOrderSort2 (0ms)
			AwakeInstancesAfterBackupRestoration (8ms)
Platform modules already initialized, skipping
========================================================================
Worker process is ready to serve import requests
Launched and connected shader compiler UnityShaderCompiler.exe after 0.09 seconds
Refreshing native plugins compatible for Editor in 0.54 ms, found 2 plugins.
Preloading 0 native plugins for Editor in 0.00 ms.
Unloading 1500 Unused Serialized files (Serialized files now loaded: 0)
System memory in use before: 67.5 MB.
System memory in use after: 67.5 MB.

Unloading 19 unused Assets to reduce memory usage. Loaded Objects now: 1932.
Total: 3.629200 ms (FindLiveObjects: 0.235900 ms CreateObjectMapping: 0.064500 ms MarkObjects: 3.222100 ms  DeleteObjects: 0.105300 ms)

AssetImportParameters requested are different than current active one (requested -> active):
  custom:framework-win-MediaFoundation: 216162199b28c13a410421893ffa2e32 -> 
  custom:video-decoder-ogg-theora: a1e56fd34408186e4bbccfd4996cb3dc -> 
  custom:container-muxer-webm: aa71ff27fc2769a1b78a27578f13a17b -> 
  custom:container-demuxer-webm: 4f35f7cbe854078d1ac9338744f61a02 -> 
  custom:container-demuxer-ogg: 62fdf1f143b41e24485cea50d1cbac27 -> 
  custom:video-encoder-webm-vp8: eb34c28f22e8b96e1ab97ce403110664 -> 
  custom:video-codec-MediaFoundation-h265: 746d11721c4dcdbdad8f713fa42b33f4 -> 
  custom:video-decoder-webm-vp8: 9c59270c3fd7afecdb556c50c9e8de78 -> 
  custom:audio-decoder-ogg-vorbis: bf7c407c2cedff20999df2af8eb42d56 -> 
  custom:audio-encoder-webm-vorbis: bf7c407c2cedff20999df2af8eb42d56 -> 
========================================================================
Received Import Request.
  path: Assets
  artifactKey: Guid(00000000000000001000000000000000) Importer(815301076,1909f56bfc062723c751e8b465ee728b)
Start importing Assets using Guid(00000000000000001000000000000000) Importer(815301076,1909f56bfc062723c751e8b465ee728b)  -> (artifact id: '42d402b061de3733987d63b9cc3b64de') in 0.009999 seconds 
  Import took 0.013375 seconds .

========================================================================
Received Import Request.
  Time since last request: 16.904346 seconds.
  path: Assets/bathrm.obj
  artifactKey: Guid(a6fd73b839e9c9e4191ab81190105740) Importer(815301076,1909f56bfc062723c751e8b465ee728b)
Start importing Assets/bathrm.obj using Guid(a6fd73b839e9c9e4191ab81190105740) Importer(815301076,1909f56bfc062723c751e8b465ee728b)  -> (artifact id: '8f6f78e853e1b27fb186c4ee29010d84') in 0.753511 seconds 
  Import took 0.758692 seconds .

========================================================================
Received Import Request.
  Time since last request: 85.867822 seconds.
  path: Assets/dirty-high-school-bathroom
  artifactKey: Guid(4baa697b7879e884badd7c3f65985b06) Importer(815301076,1909f56bfc062723c751e8b465ee728b)
Start importing Assets/dirty-high-school-bathroom using Guid(4baa697b7879e884badd7c3f65985b06) Importer(815301076,1909f56bfc062723c751e8b465ee728b)  -> (artifact id: 'e5ad1a1eee0034f8336108196298758a') in 0.007536 seconds 
  Import took 0.013918 seconds .

========================================================================
Received Import Request.
  Time since last request: 2.547777 seconds.
  path: Assets/dirty-high-school-bathroom/source
  artifactKey: Guid(200e592c623dbf94781bd46c136f2c4e) Importer(815301076,1909f56bfc062723c751e8b465ee728b)
Start importing Assets/dirty-high-school-bathroom/source using Guid(200e592c623dbf94781bd46c136f2c4e) Importer(815301076,1909f56bfc062723c751e8b465ee728b)  -> (artifact id: 'f90ab0e78306483904df2cae55ec8477') in 0.008096 seconds 
  Import took 0.011944 seconds .

========================================================================
Received Import Request.
  Time since last request: 1.100450 seconds.
  path: Assets/dirty-high-school-bathroom/source/bathrm
  artifactKey: Guid(ae145c81d114c5d42b2602e3fe5161f9) Importer(815301076,1909f56bfc062723c751e8b465ee728b)
Start importing Assets/dirty-high-school-bathroom/source/bathrm using Guid(ae145c81d114c5d42b2602e3fe5161f9) Importer(815301076,1909f56bfc062723c751e8b465ee728b)  -> (artifact id: 'ee77d2333dac89fca6274665d417ac39') in 0.003232 seconds 
  Import took 0.006870 seconds .

========================================================================
Received Import Request.
  Time since last request: 0.159663 seconds.
  path: Assets/dirty-high-school-bathroom/source/bathrm/bathrm.obj
  artifactKey: Guid(5e420ae5d15caab489780620fa85aa85) Importer(815301076,1909f56bfc062723c751e8b465ee728b)
Start importing Assets/dirty-high-school-bathroom/source/bathrm/bathrm.obj using Guid(5e420ae5d15caab489780620fa85aa85) Importer(815301076,1909f56bfc062723c751e8b465ee728b)  -> (artifact id: 'fc2d0ff945d0df352509ac3bf4cce146') in 0.372883 seconds 
  Import took 0.377821 seconds .

========================================================================
Received Import Request.
  Time since last request: 1142.789995 seconds.
  path: Assets/dirty-high-school-bathroom/textures
  artifactKey: Guid(e93f8f9083b3db248b01b50ab22ff877) Importer(815301076,1909f56bfc062723c751e8b465ee728b)
Start importing Assets/dirty-high-school-bathroom/textures using Guid(e93f8f9083b3db248b01b50ab22ff877) Importer(815301076,1909f56bfc062723c751e8b465ee728b)  -> (artifact id: 'fe8233123a64a2491bf5482348903c81') in 0.009702 seconds 
  Import took 0.013778 seconds .

========================================================================
Received Import Request.
  Time since last request: 0.150147 seconds.
  path: Assets/dirty-high-school-bathroom/textures/DirtyCubicle.jpg
  artifactKey: Guid(c7aeb637efcab284385b0cad37e69d5e) Importer(815301076,1909f56bfc062723c751e8b465ee728b)
Start importing Assets/dirty-high-school-bathroom/textures/DirtyCubicle.jpg using Guid(c7aeb637efcab284385b0cad37e69d5e) Importer(815301076,1909f56bfc062723c751e8b465ee728b)  -> (artifact id: '229e304dfe39a94b9eadcaa1f72ddf48') in 0.029499 seconds 
  Import took 0.035391 seconds .

========================================================================
Received Import Request.
  Time since last request: 0.000386 seconds.
  path: Assets/dirty-high-school-bathroom/textures/DirtyCubicle3.jpg
  artifactKey: Guid(2a609b935fa455f4ea1efd923771b804) Importer(815301076,1909f56bfc062723c751e8b465ee728b)
Start importing Assets/dirty-high-school-bathroom/textures/DirtyCubicle3.jpg using Guid(2a609b935fa455f4ea1efd923771b804) Importer(815301076,1909f56bfc062723c751e8b465ee728b)  -> (artifact id: 'b7f25c603492e9e1fa58a070037bda6a') in 0.020627 seconds 
  Import took 0.024118 seconds .

========================================================================
Received Import Request.
  Time since last request: 0.000504 seconds.
  path: Assets/dirty-high-school-bathroom/textures/Insulation.jpg
  artifactKey: Guid(55c7fbd39862a874893f2e9a247e8d27) Importer(815301076,1909f56bfc062723c751e8b465ee728b)
Start importing Assets/dirty-high-school-bathroom/textures/Insulation.jpg using Guid(55c7fbd39862a874893f2e9a247e8d27) Importer(815301076,1909f56bfc062723c751e8b465ee728b)  -> (artifact id: 'f8ebc2acf82ade508fed28206335b63a') in 0.018108 seconds 
  Import took 0.021818 seconds .

========================================================================
Received Import Request.
  Time since last request: 0.000332 seconds.
  path: Assets/dirty-high-school-bathroom/textures/SouthWallSpec.png
  artifactKey: Guid(c74cdd8602d3bab4d9f9cd5deafe48cb) Importer(815301076,1909f56bfc062723c751e8b465ee728b)
Start importing Assets/dirty-high-school-bathroom/textures/SouthWallSpec.png using Guid(c74cdd8602d3bab4d9f9cd5deafe48cb) Importer(815301076,1909f56bfc062723c751e8b465ee728b)  -> (artifact id: 'a59eea9c4542b897b20d29bff8b3bbbe') in 0.019856 seconds 
  Import took 0.023880 seconds .

========================================================================
Received Import Request.
  Time since last request: 0.000436 seconds.
  path: Assets/dirty-high-school-bathroom/textures/Floor_Spec.png
  artifactKey: Guid(1ce38cbcc82b63f458e69517bf094fe7) Importer(815301076,1909f56bfc062723c751e8b465ee728b)
Start importing Assets/dirty-high-school-bathroom/textures/Floor_Spec.png using Guid(1ce38cbcc82b63f458e69517bf094fe7) Importer(815301076,1909f56bfc062723c751e8b465ee728b)  -> (artifact id: '81642a1cece6bc6ef039bd296ad891ba') in 0.016627 seconds 
  Import took 0.020324 seconds .

========================================================================
Received Import Request.
  Time since last request: 0.000487 seconds.
  path: Assets/dirty-high-school-bathroom/textures/DirtySink4.jpg
  artifactKey: Guid(9784bca5c9e148448bbcaf3d7840746d) Importer(815301076,1909f56bfc062723c751e8b465ee728b)
Start importing Assets/dirty-high-school-bathroom/textures/DirtySink4.jpg using Guid(9784bca5c9e148448bbcaf3d7840746d) Importer(815301076,1909f56bfc062723c751e8b465ee728b)  -> (artifact id: '051c31b901ce53c9b8c0256101f929b5') in 0.020598 seconds 
  Import took 0.024969 seconds .

========================================================================
Received Import Request.
  Time since last request: 0.000355 seconds.
  path: Assets/dirty-high-school-bathroom/textures/DirtyCubicle4.jpg
  artifactKey: Guid(7ebb3a5e69cc8764e89e8b03352a0bfd) Importer(815301076,1909f56bfc062723c751e8b465ee728b)
Start importing Assets/dirty-high-school-bathroom/textures/DirtyCubicle4.jpg using Guid(7ebb3a5e69cc8764e89e8b03352a0bfd) Importer(815301076,1909f56bfc062723c751e8b465ee728b)  -> (artifact id: 'e3a23187034b4603d1c256c9adcfa163') in 0.019224 seconds 
  Import took 0.023269 seconds .

========================================================================
Received Import Request.
  Time since last request: 0.000416 seconds.
  path: Assets/dirty-high-school-bathroom/textures/SWall.jpg
  artifactKey: Guid(02c583748d58ba749ab489f37c3ffa13) Importer(815301076,1909f56bfc062723c751e8b465ee728b)
Start importing Assets/dirty-high-school-bathroom/textures/SWall.jpg using Guid(02c583748d58ba749ab489f37c3ffa13) Importer(815301076,1909f56bfc062723c751e8b465ee728b)  -> (artifact id: '82bc4fe8f6d2721f8eab5c96d91b2609') in 0.016304 seconds 
  Import took 0.020023 seconds .

========================================================================
Received Import Request.
  Time since last request: 0.000453 seconds.
  path: Assets/dirty-high-school-bathroom/textures/DirtySink.jpg
  artifactKey: Guid(089d09a4861456e419c7b9f6700a163f) Importer(815301076,1909f56bfc062723c751e8b465ee728b)
Start importing Assets/dirty-high-school-bathroom/textures/DirtySink.jpg using Guid(089d09a4861456e419c7b9f6700a163f) Importer(815301076,1909f56bfc062723c751e8b465ee728b)  -> (artifact id: '308dfab3fb2823639e40e65714998d29') in 0.018096 seconds 
  Import took 0.022351 seconds .

========================================================================
Received Import Request.
  Time since last request: 0.000705 seconds.
  path: Assets/dirty-high-school-bathroom/textures/NWall.jpg
  artifactKey: Guid(cb6e83abd0c5800479284b35b55fa63c) Importer(815301076,1909f56bfc062723c751e8b465ee728b)
Start importing Assets/dirty-high-school-bathroom/textures/NWall.jpg using Guid(cb6e83abd0c5800479284b35b55fa63c) Importer(815301076,1909f56bfc062723c751e8b465ee728b)  -> (artifact id: '0603b8e7618a6e0ff6843a3e37b5e5f4') in 0.017929 seconds 
  Import took 0.021582 seconds .

========================================================================
Received Import Request.
  Time since last request: 0.000417 seconds.
  path: Assets/dirty-high-school-bathroom/textures/EWall.jpg
  artifactKey: Guid(5e78bf1d237fe234293a36484ab586af) Importer(815301076,1909f56bfc062723c751e8b465ee728b)
Start importing Assets/dirty-high-school-bathroom/textures/EWall.jpg using Guid(5e78bf1d237fe234293a36484ab586af) Importer(815301076,1909f56bfc062723c751e8b465ee728b)  -> (artifact id: 'f40dedfdb77b839721ca4fb91ea0de3b') in 0.021212 seconds 
  Import took 0.026003 seconds .

========================================================================
Received Import Request.
  Time since last request: 0.000307 seconds.
  path: Assets/dirty-high-school-bathroom/textures/NW_Spec.png
  artifactKey: Guid(433904983f896504e95dba3ea2561219) Importer(815301076,1909f56bfc062723c751e8b465ee728b)
Start importing Assets/dirty-high-school-bathroom/textures/NW_Spec.png using Guid(433904983f896504e95dba3ea2561219) Importer(815301076,1909f56bfc062723c751e8b465ee728b)  -> (artifact id: 'd3b8ddd67c2ef2f31c4ca1ff02c88fb1') in 0.016346 seconds 
  Import took 0.020538 seconds .

========================================================================
Received Import Request.
  Time since last request: 0.000658 seconds.
  path: Assets/dirty-high-school-bathroom/textures/DirtyCubicle2.jpg
  artifactKey: Guid(d1898c03535105a46a7411d1a200917c) Importer(815301076,1909f56bfc062723c751e8b465ee728b)
Start importing Assets/dirty-high-school-bathroom/textures/DirtyCubicle2.jpg using Guid(d1898c03535105a46a7411d1a200917c) Importer(815301076,1909f56bfc062723c751e8b465ee728b)  -> (artifact id: '35071b0d49ee9938ded4aa6e0be55dd3') in 0.019455 seconds 
  Import took 0.023753 seconds .

========================================================================
Received Import Request.
  Time since last request: 0.000348 seconds.
  path: Assets/dirty-high-school-bathroom/textures/Gypsum.jpg
  artifactKey: Guid(31f9de5e1e240854db92cf17b264db99) Importer(815301076,1909f56bfc062723c751e8b465ee728b)
Start importing Assets/dirty-high-school-bathroom/textures/Gypsum.jpg using Guid(31f9de5e1e240854db92cf17b264db99) Importer(815301076,1909f56bfc062723c751e8b465ee728b)  -> (artifact id: 'cc27c48e527821281d27d2dd42638628') in 0.026195 seconds 
  Import took 0.030836 seconds .

========================================================================
Received Import Request.
  Time since last request: 0.000380 seconds.
  path: Assets/dirty-high-school-bathroom/textures/DirtySink3.jpg
  artifactKey: Guid(c16453c471fb89748baf483bd7a5ad46) Importer(815301076,1909f56bfc062723c751e8b465ee728b)
Start importing Assets/dirty-high-school-bathroom/textures/DirtySink3.jpg using Guid(c16453c471fb89748baf483bd7a5ad46) Importer(815301076,1909f56bfc062723c751e8b465ee728b)  -> (artifact id: '2222ae0c4e2dcf6954f444e1de83ad9c') in 0.022305 seconds 
  Import took 0.026118 seconds .

========================================================================
Received Import Request.
  Time since last request: 0.000403 seconds.
  path: Assets/dirty-high-school-bathroom/textures/NW_Bump.png
  artifactKey: Guid(d72dfb12c2adf874eac649a4879ada20) Importer(815301076,1909f56bfc062723c751e8b465ee728b)
Start importing Assets/dirty-high-school-bathroom/textures/NW_Bump.png using Guid(d72dfb12c2adf874eac649a4879ada20) Importer(815301076,1909f56bfc062723c751e8b465ee728b)  -> (artifact id: '077b243f2afb90b395e09b12348ef80c') in 0.018152 seconds 
  Import took 0.022569 seconds .

========================================================================
Received Import Request.
  Time since last request: 0.000353 seconds.
  path: Assets/dirty-high-school-bathroom/textures/DirtySink2.jpg
  artifactKey: Guid(c17e346cd8b67e84f8fd0652ac23739f) Importer(815301076,1909f56bfc062723c751e8b465ee728b)
Start importing Assets/dirty-high-school-bathroom/textures/DirtySink2.jpg using Guid(c17e346cd8b67e84f8fd0652ac23739f) Importer(815301076,1909f56bfc062723c751e8b465ee728b)  -> (artifact id: '74f5484471e7e4357147549988a7fe9e') in 0.022859 seconds 
  Import took 0.027600 seconds .

========================================================================
Received Import Request.
  Time since last request: 1.120936 seconds.
  path: Assets/dirty-high-school-bathroom/textures/Toilet.jpg
  artifactKey: Guid(98ae89f9d18f4ca488b929f7469aec6c) Importer(815301076,1909f56bfc062723c751e8b465ee728b)
Start importing Assets/dirty-high-school-bathroom/textures/Toilet.jpg using Guid(98ae89f9d18f4ca488b929f7469aec6c) Importer(815301076,1909f56bfc062723c751e8b465ee728b)  -> (artifact id: '61f60a03089a0a47084f15262977f9fe') in 0.021317 seconds 
  Import took 0.028483 seconds .

========================================================================
Received Import Request.
  Time since last request: 0.000427 seconds.
  path: Assets/dirty-high-school-bathroom/textures/Toilet3.jpg
  artifactKey: Guid(ca692889c17feb7428050d7e69a2cedc) Importer(815301076,1909f56bfc062723c751e8b465ee728b)
Start importing Assets/dirty-high-school-bathroom/textures/Toilet3.jpg using Guid(ca692889c17feb7428050d7e69a2cedc) Importer(815301076,1909f56bfc062723c751e8b465ee728b)  -> (artifact id: 'db4a863aaeedc87c19ba3c72a72845d0') in 0.022054 seconds 
  Import took 0.026271 seconds .

========================================================================
Received Import Request.
  Time since last request: 0.000384 seconds.
  path: Assets/dirty-high-school-bathroom/textures/Toilet_paper.jpg
  artifactKey: Guid(b6b1573ae9ff86f40ae79b828658bf9f) Importer(815301076,1909f56bfc062723c751e8b465ee728b)
Start importing Assets/dirty-high-school-bathroom/textures/Toilet_paper.jpg using Guid(b6b1573ae9ff86f40ae79b828658bf9f) Importer(815301076,1909f56bfc062723c751e8b465ee728b)  -> (artifact id: 'db44f24f7005d29d5228d0d0eb408af6') in 0.022841 seconds 
  Import took 0.026452 seconds .

========================================================================
Received Import Request.
  Time since last request: 0.000429 seconds.
  path: Assets/dirty-high-school-bathroom/textures/Toilet2.jpg
  artifactKey: Guid(7b14982509f77fb42a80442d977a58fb) Importer(815301076,1909f56bfc062723c751e8b465ee728b)
Start importing Assets/dirty-high-school-bathroom/textures/Toilet2.jpg using Guid(7b14982509f77fb42a80442d977a58fb) Importer(815301076,1909f56bfc062723c751e8b465ee728b)  -> (artifact id: 'a4ad44b6a5481753f9d263be85d5bf5d') in 0.020474 seconds 
  Import took 0.024287 seconds .

========================================================================
Received Import Request.
  Time since last request: 0.150040 seconds.
  path: Assets/dirty-high-school-bathroom/textures/ToiletDoor.jpg
  artifactKey: Guid(d94c02cf27d2edd4f8f47c4050375304) Importer(815301076,1909f56bfc062723c751e8b465ee728b)
Start importing Assets/dirty-high-school-bathroom/textures/ToiletDoor.jpg using Guid(d94c02cf27d2edd4f8f47c4050375304) Importer(815301076,1909f56bfc062723c751e8b465ee728b)  -> (artifact id: '39aa87c82e9f985d6cd04f51bf7e4a3c') in 0.016388 seconds 
  Import took 0.021479 seconds .

========================================================================
Received Import Request.
  Time since last request: 0.000398 seconds.
  path: Assets/dirty-high-school-bathroom/textures/ToiletDoor3.jpg
  artifactKey: Guid(885f7ad68cf68174684870c318801911) Importer(815301076,1909f56bfc062723c751e8b465ee728b)
Start importing Assets/dirty-high-school-bathroom/textures/ToiletDoor3.jpg using Guid(885f7ad68cf68174684870c318801911) Importer(815301076,1909f56bfc062723c751e8b465ee728b)  -> (artifact id: 'fc672dbeb467151a0f803bf7c8a12d86') in 0.020523 seconds 
  Import took 0.024363 seconds .

========================================================================
Received Import Request.
  Time since last request: 0.000621 seconds.
  path: Assets/dirty-high-school-bathroom/textures/ToiletDoor4.jpg
  artifactKey: Guid(40625370c7302f844a5e482cfc8aee3a) Importer(815301076,1909f56bfc062723c751e8b465ee728b)
Start importing Assets/dirty-high-school-bathroom/textures/ToiletDoor4.jpg using Guid(40625370c7302f844a5e482cfc8aee3a) Importer(815301076,1909f56bfc062723c751e8b465ee728b)  -> (artifact id: 'b99a90a4f685870fc86ae3d655e5daf6') in 0.019471 seconds 
  Import took 0.024414 seconds .

========================================================================
Received Import Request.
  Time since last request: 0.000483 seconds.
  path: Assets/dirty-high-school-bathroom/textures/ToiletDoor2.jpg
  artifactKey: Guid(44617200dc5dbf44888a56574ee1b524) Importer(815301076,1909f56bfc062723c751e8b465ee728b)
Start importing Assets/dirty-high-school-bathroom/textures/ToiletDoor2.jpg using Guid(44617200dc5dbf44888a56574ee1b524) Importer(815301076,1909f56bfc062723c751e8b465ee728b)  -> (artifact id: '9a864f904b93756c41d4302501ab6462') in 0.018575 seconds 
  Import took 0.022523 seconds .

========================================================================
Received Import Request.
  Time since last request: 0.039020 seconds.
  path: Assets/dirty-high-school-bathroom/textures/WestWallBUmp.png
  artifactKey: Guid(d853ffe9eb58dd141abdd183cafa7622) Importer(815301076,1909f56bfc062723c751e8b465ee728b)
Start importing Assets/dirty-high-school-bathroom/textures/WestWallBUmp.png using Guid(d853ffe9eb58dd141abdd183cafa7622) Importer(815301076,1909f56bfc062723c751e8b465ee728b)  -> (artifact id: 'ddbaa9a78b3131aed4ac25cb5aaaa688') in 0.017282 seconds 
  Import took 0.022190 seconds .

========================================================================
Received Import Request.
  Time since last request: 0.000433 seconds.
  path: Assets/dirty-high-school-bathroom/textures/White_tile_N.png
  artifactKey: Guid(79036c2975df24b41bc07785ccdcb7e3) Importer(815301076,1909f56bfc062723c751e8b465ee728b)
Start importing Assets/dirty-high-school-bathroom/textures/White_tile_N.png using Guid(79036c2975df24b41bc07785ccdcb7e3) Importer(815301076,1909f56bfc062723c751e8b465ee728b)  -> (artifact id: 'f4a92cef753d29bf0c2128c67c484689') in 0.016729 seconds 
  Import took 0.020465 seconds .

========================================================================
Received Import Request.
  Time since last request: 0.000432 seconds.
  path: Assets/dirty-high-school-bathroom/textures/White_Tile_Dirty.jpg
  artifactKey: Guid(59b7a639ca19eb844bba25bf7c256dfb) Importer(815301076,1909f56bfc062723c751e8b465ee728b)
Start importing Assets/dirty-high-school-bathroom/textures/White_Tile_Dirty.jpg using Guid(59b7a639ca19eb844bba25bf7c256dfb) Importer(815301076,1909f56bfc062723c751e8b465ee728b)  -> (artifact id: '6c4bd4768838d89905bb503c7e5ee962') in 0.019762 seconds 
  Import took 0.023808 seconds .

========================================================================
Received Import Request.
  Time since last request: 0.000450 seconds.
  path: Assets/dirty-high-school-bathroom/textures/WestWallSpec.png
  artifactKey: Guid(8b7837248afc5e545a23879b63b8a13f) Importer(815301076,1909f56bfc062723c751e8b465ee728b)
Start importing Assets/dirty-high-school-bathroom/textures/WestWallSpec.png using Guid(8b7837248afc5e545a23879b63b8a13f) Importer(815301076,1909f56bfc062723c751e8b465ee728b)  -> (artifact id: '86529529728539808e24b8bf39b586ba') in 0.017142 seconds 
  Import took 0.020790 seconds .

========================================================================
Received Import Request.
  Time since last request: 0.478755 seconds.
  path: Assets/dirty-high-school-bathroom/textures/WWall.jpg
  artifactKey: Guid(87708ac0067139e4891e9287c0822ff3) Importer(815301076,1909f56bfc062723c751e8b465ee728b)
Start importing Assets/dirty-high-school-bathroom/textures/WWall.jpg using Guid(87708ac0067139e4891e9287c0822ff3) Importer(815301076,1909f56bfc062723c751e8b465ee728b)  -> (artifact id: '81cb43deadae2c0f3dd40e996b16ab39') in 0.021385 seconds 
  Import took 0.026839 seconds .

========================================================================
Received Import Request.
  Time since last request: 2518.255129 seconds.
  path: Assets/dirty-high-school-bathroom/Materials/DirtyCubicle2.mat
  artifactKey: Guid(1d169940d41660f4cbb73e449ef5ec19) Importer(815301076,1909f56bfc062723c751e8b465ee728b)
Start importing Assets/dirty-high-school-bathroom/Materials/DirtyCubicle2.mat using Guid(1d169940d41660f4cbb73e449ef5ec19) Importer(815301076,1909f56bfc062723c751e8b465ee728b)  -> (artifact id: 'd67d8d46f0dbda5103d34460c39a4be0') in 0.042818 seconds 
  Import took 0.047430 seconds .

========================================================================
Received Import Request.
  Time since last request: 0.000376 seconds.
  path: Assets/dirty-high-school-bathroom/Materials/EWall.mat
  artifactKey: Guid(340141fa1bcdad947acbe7f4802f7a61) Importer(815301076,1909f56bfc062723c751e8b465ee728b)
Start importing Assets/dirty-high-school-bathroom/Materials/EWall.mat using Guid(340141fa1bcdad947acbe7f4802f7a61) Importer(815301076,1909f56bfc062723c751e8b465ee728b)  -> (artifact id: '2222f94562546e3da39a291202c9c699') in 0.021266 seconds 
  Import took 0.024396 seconds .

========================================================================
Received Import Request.
  Time since last request: 0.000396 seconds.
  path: Assets/dirty-high-school-bathroom/Materials/DirtySink4.mat
  artifactKey: Guid(63e380fd5c4b0c546b938cd03600de18) Importer(815301076,1909f56bfc062723c751e8b465ee728b)
Start importing Assets/dirty-high-school-bathroom/Materials/DirtySink4.mat using Guid(63e380fd5c4b0c546b938cd03600de18) Importer(815301076,1909f56bfc062723c751e8b465ee728b)  -> (artifact id: '315845063a650bdc17bf6c4e85ca7f4a') in 0.025429 seconds 
  Import took 0.028893 seconds .

========================================================================
Received Import Request.
  Time since last request: 0.000376 seconds.
  path: Assets/dirty-high-school-bathroom/Materials/DirtyCubicle3.mat
  artifactKey: Guid(59b1f76d9d9f94743b2c3796661c8589) Importer(815301076,1909f56bfc062723c751e8b465ee728b)
Start importing Assets/dirty-high-school-bathroom/Materials/DirtyCubicle3.mat using Guid(59b1f76d9d9f94743b2c3796661c8589) Importer(815301076,1909f56bfc062723c751e8b465ee728b)  -> (artifact id: '811599d4ceb416158a03410219eee205') in 0.019804 seconds 
  Import took 0.023310 seconds .

========================================================================
Received Import Request.
  Time since last request: 0.000370 seconds.
  path: Assets/dirty-high-school-bathroom/Materials/Floor_Spec.mat
  artifactKey: Guid(0383ba27496f906469ec461ee6834a6e) Importer(815301076,1909f56bfc062723c751e8b465ee728b)
Start importing Assets/dirty-high-school-bathroom/Materials/Floor_Spec.mat using Guid(0383ba27496f906469ec461ee6834a6e) Importer(815301076,1909f56bfc062723c751e8b465ee728b)  -> (artifact id: 'dc10041ea1f8198f653a99390678c275') in 0.045105 seconds 
  Import took 0.049138 seconds .

========================================================================
Received Import Request.
  Time since last request: 0.000351 seconds.
  path: Assets/dirty-high-school-bathroom/Materials/DirtySink.mat
  artifactKey: Guid(0b11f6aa49e8569409083445bf711ed4) Importer(815301076,1909f56bfc062723c751e8b465ee728b)
Start importing Assets/dirty-high-school-bathroom/Materials/DirtySink.mat using Guid(0b11f6aa49e8569409083445bf711ed4) Importer(815301076,1909f56bfc062723c751e8b465ee728b)  -> (artifact id: '9df673e497617a3fa360051e66f39aec') in 0.020365 seconds 
  Import took 0.024437 seconds .

========================================================================
Received Import Request.
  Time since last request: 0.000391 seconds.
  path: Assets/dirty-high-school-bathroom/Materials/DirtySink2.mat
  artifactKey: Guid(5b7a192eb9570de4ab82b860f1a7016e) Importer(815301076,1909f56bfc062723c751e8b465ee728b)
Start importing Assets/dirty-high-school-bathroom/Materials/DirtySink2.mat using Guid(5b7a192eb9570de4ab82b860f1a7016e) Importer(815301076,1909f56bfc062723c751e8b465ee728b)  -> (artifact id: 'f7431c7cdc8376c47faaefe72cc47a4a') in 0.020816 seconds 
  Import took 0.024597 seconds .

========================================================================
Received Import Request.
  Time since last request: 0.000351 seconds.
  path: Assets/dirty-high-school-bathroom/Materials/DirtyCubicle4.mat
  artifactKey: Guid(2c070817b25aa8d4d92e1bb4861e2294) Importer(815301076,1909f56bfc062723c751e8b465ee728b)
Start importing Assets/dirty-high-school-bathroom/Materials/DirtyCubicle4.mat using Guid(2c070817b25aa8d4d92e1bb4861e2294) Importer(815301076,1909f56bfc062723c751e8b465ee728b)  -> (artifact id: 'b6146bdd65c00fe6f2731a07ddb4852d') in 0.020812 seconds 
  Import took 0.028075 seconds .

========================================================================
Received Import Request.
  Time since last request: 0.000367 seconds.
  path: Assets/dirty-high-school-bathroom/Materials/DirtySink3.mat
  artifactKey: Guid(24746f09d2c6b36428d49415d0250687) Importer(815301076,1909f56bfc062723c751e8b465ee728b)
Start importing Assets/dirty-high-school-bathroom/Materials/DirtySink3.mat using Guid(24746f09d2c6b36428d49415d0250687) Importer(815301076,1909f56bfc062723c751e8b465ee728b)  -> (artifact id: 'e4938f0a872c95705916a940f013b984') in 0.020601 seconds 
  Import took 0.023669 seconds .

========================================================================
Received Import Request.
  Time since last request: 3.533135 seconds.
  path: Assets/dirty-high-school-bathroom/Materials/Insulation.mat
  artifactKey: Guid(a5d0d6a9a602e5c43b7c0526e51645c8) Importer(815301076,1909f56bfc062723c751e8b465ee728b)
Start importing Assets/dirty-high-school-bathroom/Materials/Insulation.mat using Guid(a5d0d6a9a602e5c43b7c0526e51645c8) Importer(815301076,1909f56bfc062723c751e8b465ee728b)  -> (artifact id: 'a1414ebbf4c209da4934c41410f5799a') in 0.017413 seconds 
  Import took 0.021344 seconds .

========================================================================
Received Import Request.
  Time since last request: 0.000313 seconds.
  path: Assets/dirty-high-school-bathroom/Materials/NW_Bump.mat
  artifactKey: Guid(55a5be2045c7cb9428d1b09f7a1430cd) Importer(815301076,1909f56bfc062723c751e8b465ee728b)
Start importing Assets/dirty-high-school-bathroom/Materials/NW_Bump.mat using Guid(55a5be2045c7cb9428d1b09f7a1430cd) Importer(815301076,1909f56bfc062723c751e8b465ee728b)  -> (artifact id: '554353995518ea299ea139298356c415') in 0.023773 seconds 
  Import took 0.028664 seconds .

========================================================================
Received Import Request.
  Time since last request: 0.000300 seconds.
  path: Assets/dirty-high-school-bathroom/Materials/NW_Spec.mat
  artifactKey: Guid(12366d1ef4aa2b244af09871f3fd270e) Importer(815301076,1909f56bfc062723c751e8b465ee728b)
Start importing Assets/dirty-high-school-bathroom/Materials/NW_Spec.mat using Guid(12366d1ef4aa2b244af09871f3fd270e) Importer(815301076,1909f56bfc062723c751e8b465ee728b)  -> (artifact id: 'fc8cc92635c0dd228d5aa8ef6153cdcf') in 0.018380 seconds 
  Import took 0.021939 seconds .

========================================================================
Received Import Request.
  Time since last request: 0.000367 seconds.
  path: Assets/dirty-high-school-bathroom/Materials/NWall.mat
  artifactKey: Guid(788f6a94e79a4654294c010d1c8f6607) Importer(815301076,1909f56bfc062723c751e8b465ee728b)
Start importing Assets/dirty-high-school-bathroom/Materials/NWall.mat using Guid(788f6a94e79a4654294c010d1c8f6607) Importer(815301076,1909f56bfc062723c751e8b465ee728b)  -> (artifact id: 'f6140a97ae480688f862129ed343604a') in 0.017769 seconds 
  Import took 0.021007 seconds .

========================================================================
Received Import Request.
  Time since last request: 0.038648 seconds.
  path: Assets/dirty-high-school-bathroom/Materials/SWall.mat
  artifactKey: Guid(b7c7b6adf8ff9ba4f9b9deb3064b0fd4) Importer(815301076,1909f56bfc062723c751e8b465ee728b)
Start importing Assets/dirty-high-school-bathroom/Materials/SWall.mat using Guid(b7c7b6adf8ff9ba4f9b9deb3064b0fd4) Importer(815301076,1909f56bfc062723c751e8b465ee728b)  -> (artifact id: 'f33fdab8cab4581bbdae93559bd84c70') in 0.019475 seconds 
  Import took 0.024389 seconds .

========================================================================
Received Import Request.
  Time since last request: 0.000378 seconds.
  path: Assets/dirty-high-school-bathroom/Materials/Toilet_paper.mat
  artifactKey: Guid(caf357b744f6c1b4d97ba84dd049b045) Importer(815301076,1909f56bfc062723c751e8b465ee728b)
Start importing Assets/dirty-high-school-bathroom/Materials/Toilet_paper.mat using Guid(caf357b744f6c1b4d97ba84dd049b045) Importer(815301076,1909f56bfc062723c751e8b465ee728b)  -> (artifact id: '29fe7197123ca8572249634d3ac4d234') in 0.017571 seconds 
  Import took 0.021301 seconds .

========================================================================
Received Import Request.
  Time since last request: 0.000297 seconds.
  path: Assets/dirty-high-school-bathroom/Materials/Toilet2.mat
  artifactKey: Guid(f65b450eece62304f8b557ecb693e909) Importer(815301076,1909f56bfc062723c751e8b465ee728b)
Start importing Assets/dirty-high-school-bathroom/Materials/Toilet2.mat using Guid(f65b450eece62304f8b557ecb693e909) Importer(815301076,1909f56bfc062723c751e8b465ee728b)  -> (artifact id: 'be31a1bd33c46848941c2b82dd91e52b') in 0.020518 seconds 
  Import took 0.024422 seconds .

========================================================================
Received Import Request.
  Time since last request: 0.000318 seconds.
  path: Assets/dirty-high-school-bathroom/Materials/Toilet.mat
  artifactKey: Guid(13141a3abf47a96438854a9bef8a4a17) Importer(815301076,1909f56bfc062723c751e8b465ee728b)
Start importing Assets/dirty-high-school-bathroom/Materials/Toilet.mat using Guid(13141a3abf47a96438854a9bef8a4a17) Importer(815301076,1909f56bfc062723c751e8b465ee728b)  -> (artifact id: 'c4e16b0caf6b0d6f42186bba59cf5438') in 0.022132 seconds 
  Import took 0.026857 seconds .

========================================================================
Received Import Request.
  Time since last request: 0.018547 seconds.
  path: Assets/dirty-high-school-bathroom/Materials/ToiletDoor.mat
  artifactKey: Guid(36b729c0b7bce53408cdec8a214b4a40) Importer(815301076,1909f56bfc062723c751e8b465ee728b)
Start importing Assets/dirty-high-school-bathroom/Materials/ToiletDoor.mat using Guid(36b729c0b7bce53408cdec8a214b4a40) Importer(815301076,1909f56bfc062723c751e8b465ee728b)  -> (artifact id: 'cb1bb001405a9c30fed1d10e935e0c1d') in 0.016319 seconds 
  Import took 0.020595 seconds .

========================================================================
Received Import Request.
  Time since last request: 0.000283 seconds.
  path: Assets/dirty-high-school-bathroom/Materials/ToiletDoor4.mat
  artifactKey: Guid(5ae888df58390a349819270879098bb5) Importer(815301076,1909f56bfc062723c751e8b465ee728b)
Start importing Assets/dirty-high-school-bathroom/Materials/ToiletDoor4.mat using Guid(5ae888df58390a349819270879098bb5) Importer(815301076,1909f56bfc062723c751e8b465ee728b)  -> (artifact id: 'de0d4815b8f814f58fdc16a27d9f8688') in 0.017483 seconds 
  Import took 0.021620 seconds .

========================================================================
Received Import Request.
  Time since last request: 0.000348 seconds.
  path: Assets/dirty-high-school-bathroom/Materials/ToiletDoor2.mat
  artifactKey: Guid(c89e7dea691f3734ea536dd2f08d0ecc) Importer(815301076,1909f56bfc062723c751e8b465ee728b)
Start importing Assets/dirty-high-school-bathroom/Materials/ToiletDoor2.mat using Guid(c89e7dea691f3734ea536dd2f08d0ecc) Importer(815301076,1909f56bfc062723c751e8b465ee728b)  -> (artifact id: 'dc0d58d86d9cddcbd8280b65e09f404b') in 0.020770 seconds 
  Import took 0.024181 seconds .

========================================================================
Received Import Request.
  Time since last request: 0.000424 seconds.
  path: Assets/dirty-high-school-bathroom/Materials/ToiletDoor3.mat
  artifactKey: Guid(6d6cc36ec236fe444a05dd148031e021) Importer(815301076,1909f56bfc062723c751e8b465ee728b)
Start importing Assets/dirty-high-school-bathroom/Materials/ToiletDoor3.mat using Guid(6d6cc36ec236fe444a05dd148031e021) Importer(815301076,1909f56bfc062723c751e8b465ee728b)  -> (artifact id: '20dc8237abc1db765d311f93d7b8a44b') in 0.015655 seconds 
  Import took 0.018888 seconds .

========================================================================
Received Import Request.
  Time since last request: 0.713322 seconds.
  path: Assets/dirty-high-school-bathroom/Materials/WestWallBUmp.mat
  artifactKey: Guid(c191bb4e9ef55e24ebcbf6437becd07c) Importer(815301076,1909f56bfc062723c751e8b465ee728b)
Start importing Assets/dirty-high-school-bathroom/Materials/WestWallBUmp.mat using Guid(c191bb4e9ef55e24ebcbf6437becd07c) Importer(815301076,1909f56bfc062723c751e8b465ee728b)  -> (artifact id: '397adaf8ea93d23fac20199d68ca5751') in 0.021085 seconds 
  Import took 0.025927 seconds .

========================================================================
Received Import Request.
  Time since last request: 0.000395 seconds.
  path: Assets/dirty-high-school-bathroom/Materials/White_Tile_Dirty.mat
  artifactKey: Guid(3ef5cee5ee481bf46946b011d1fc13f2) Importer(815301076,1909f56bfc062723c751e8b465ee728b)
Start importing Assets/dirty-high-school-bathroom/Materials/White_Tile_Dirty.mat using Guid(3ef5cee5ee481bf46946b011d1fc13f2) Importer(815301076,1909f56bfc062723c751e8b465ee728b)  -> (artifact id: '0b7e45e7c488bd44440727e2ccc44813') in 0.019522 seconds 
  Import took 0.023453 seconds .

========================================================================
Received Import Request.
  Time since last request: 0.000448 seconds.
  path: Assets/dirty-high-school-bathroom/Materials/WestWallSpec.mat
  artifactKey: Guid(e3254f9ebdffd6e4dae0334c2c4f3103) Importer(815301076,1909f56bfc062723c751e8b465ee728b)
Start importing Assets/dirty-high-school-bathroom/Materials/WestWallSpec.mat using Guid(e3254f9ebdffd6e4dae0334c2c4f3103) Importer(815301076,1909f56bfc062723c751e8b465ee728b)  -> (artifact id: '0c3daeddad075735d52e90ce33f43257') in 0.016155 seconds 
  Import took 0.020914 seconds .

========================================================================
Received Import Request.
  Time since last request: 0.000285 seconds.
  path: Assets/dirty-high-school-bathroom/Materials/White_tile_N.mat
  artifactKey: Guid(6f79372900777514eb910ca17fd418fc) Importer(815301076,1909f56bfc062723c751e8b465ee728b)
Start importing Assets/dirty-high-school-bathroom/Materials/White_tile_N.mat using Guid(6f79372900777514eb910ca17fd418fc) Importer(815301076,1909f56bfc062723c751e8b465ee728b)  -> (artifact id: '2ae87653740f3a10e944013680aa1bdc') in 0.017063 seconds 
  Import took 0.020998 seconds .

========================================================================
Received Import Request.
  Time since last request: 8.628724 seconds.
  path: Assets/New Material.mat
  artifactKey: Guid(067f328b2c586d747bfb6701ac34f66e) Importer(815301076,1909f56bfc062723c751e8b465ee728b)
Start importing Assets/New Material.mat using Guid(067f328b2c586d747bfb6701ac34f66e) Importer(815301076,1909f56bfc062723c751e8b465ee728b)  -> (artifact id: '00cb8f61c6f4246449d339078df684fb') in 0.016562 seconds 
  Import took 0.021277 seconds .

========================================================================
Received Import Request.
  Time since last request: 41.569207 seconds.
  path: Assets/ligths.mat
  artifactKey: Guid(067f328b2c586d747bfb6701ac34f66e) Importer(815301076,1909f56bfc062723c751e8b465ee728b)
Start importing Assets/ligths.mat using Guid(067f328b2c586d747bfb6701ac34f66e) Importer(815301076,1909f56bfc062723c751e8b465ee728b)  -> (artifact id: '743c05e5b3a9604ea19f4a5190827c69') in 0.020876 seconds 
  Import took 0.025181 seconds .

========================================================================
Received Import Request.
  Time since last request: 37.783338 seconds.
  path: Assets/espejo.mat
  artifactKey: Guid(71fdc2361b8ce61409213484fc94a1fa) Importer(815301076,1909f56bfc062723c751e8b465ee728b)
Start importing Assets/espejo.mat using Guid(71fdc2361b8ce61409213484fc94a1fa) Importer(815301076,1909f56bfc062723c751e8b465ee728b)  -> (artifact id: '0e972c502b258f4850bcf79d696729ea') in 0.022721 seconds 
  Import took 0.027644 seconds .

========================================================================
Received Import Request.
  Time since last request: 247.271543 seconds.
  path: Assets/espejo.mat
  artifactKey: Guid(71fdc2361b8ce61409213484fc94a1fa) Importer(815301076,1909f56bfc062723c751e8b465ee728b)
Start importing Assets/espejo.mat using Guid(71fdc2361b8ce61409213484fc94a1fa) Importer(815301076,1909f56bfc062723c751e8b465ee728b)  -> (artifact id: 'c4177e18cd403264c4eccea5b6ad9557') in 0.028948 seconds 
  Import took 0.034198 seconds .

========================================================================
Received Import Request.
  Time since last request: 127.347545 seconds.
  path: Assets/backrooms.fbx
  artifactKey: Guid(49e7d59903e908d439f338c5f8b656d9) Importer(815301076,1909f56bfc062723c751e8b465ee728b)
Start importing Assets/backrooms.fbx using Guid(49e7d59903e908d439f338c5f8b656d9) Importer(815301076,1909f56bfc062723c751e8b465ee728b)  -> (artifact id: '8c9e183820923f2eeecb97ff069e7c8c') in 0.088885 seconds 
  Import took 0.096148 seconds .

========================================================================
Received Import Request.
  Time since last request: 233.712916 seconds.
  path: Assets/backrooms.fbx
  artifactKey: Guid(49e7d59903e908d439f338c5f8b656d9) Importer(815301076,1909f56bfc062723c751e8b465ee728b)
Start importing Assets/backrooms.fbx using Guid(49e7d59903e908d439f338c5f8b656d9) Importer(815301076,1909f56bfc062723c751e8b465ee728b)  -> (artifact id: 'f4dbcbc89d3262da9047ae0aa32605a6') in 0.092938 seconds 
  Import took 0.097660 seconds .

========================================================================
Received Import Request.
  Time since last request: 1954.715930 seconds.
  path: Assets/Borrar please.cs
  artifactKey: Guid(e7590ac1aa1283d40b2a7af5e2b83126) Importer(815301076,1909f56bfc062723c751e8b465ee728b)
Start importing Assets/Borrar please.cs using Guid(e7590ac1aa1283d40b2a7af5e2b83126) Importer(815301076,1909f56bfc062723c751e8b465ee728b)  -> (artifact id: '21892717031cb872b238d2a22762f69e') in 0.012285 seconds 
  Import took 0.017332 seconds .

========================================================================
Received Prepare
Registering precompiled user dll's ...
Registered in 0.006490 seconds.
Begin MonoManager ReloadAssembly
Native extension for WindowsStandalone target not found
Refreshing native plugins compatible for Editor in 0.68 ms, found 2 plugins.
Preloading 0 native plugins for Editor in 0.00 ms.
Mono: successfully reloaded assembly
- Completed reload, in  1.678 seconds
Domain Reload Profiling:
	ReloadAssembly (1679ms)
		BeginReloadAssembly (161ms)
			ExecutionOrderSort (0ms)
			DisableScriptedObjects (5ms)
			BackupInstance (0ms)
			ReleaseScriptingObjects (0ms)
			CreateAndSetChildDomain (44ms)
		EndReloadAssembly (1424ms)
			LoadAssemblies (146ms)
			RebuildTransferFunctionScriptingTraits (0ms)
			SetupTypeCache (339ms)
			ReleaseScriptCaches (1ms)
			RebuildScriptCaches (59ms)
			SetupLoadedEditorAssemblies (742ms)
				LogAssemblyErrors (0ms)
				InitializePlatformSupportModulesInManaged (7ms)
				SetLoadedEditorAssemblies (1ms)
				RefreshPlugins (1ms)
				BeforeProcessingInitializeOnLoad (147ms)
				ProcessInitializeOnLoadAttributes (567ms)
				ProcessInitializeOnLoadMethodAttributes (11ms)
				AfterProcessingInitializeOnLoad (8ms)
				EditorAssembliesLoaded (0ms)
			ExecutionOrderSort2 (0ms)
			AwakeInstancesAfterBackupRestoration (8ms)
Platform modules already initialized, skipping
Refreshing native plugins compatible for Editor in 0.51 ms, found 2 plugins.
Preloading 0 native plugins for Editor in 0.00 ms.
Unloading 1495 Unused Serialized files (Serialized files now loaded: 0)
System memory in use before: 72.0 MB.
System memory in use after: 72.1 MB.

Unloading 14 unused Assets to reduce memory usage. Loaded Objects now: 1980.
Total: 3.661100 ms (FindLiveObjects: 0.221100 ms CreateObjectMapping: 0.048400 ms MarkObjects: 3.363700 ms  DeleteObjects: 0.024300 ms)

AssetImportParameters requested are different than current active one (requested -> active):
  custom:framework-win-MediaFoundation: 216162199b28c13a410421893ffa2e32 -> 
  custom:video-decoder-ogg-theora: a1e56fd34408186e4bbccfd4996cb3dc -> 
  custom:container-muxer-webm: aa71ff27fc2769a1b78a27578f13a17b -> 
  custom:container-demuxer-webm: 4f35f7cbe854078d1ac9338744f61a02 -> 
  custom:container-demuxer-ogg: 62fdf1f143b41e24485cea50d1cbac27 -> 
  custom:video-encoder-webm-vp8: eb34c28f22e8b96e1ab97ce403110664 -> 
  custom:video-codec-MediaFoundation-h265: 746d11721c4dcdbdad8f713fa42b33f4 -> 
  custom:video-decoder-webm-vp8: 9c59270c3fd7afecdb556c50c9e8de78 -> 
  custom:audio-decoder-ogg-vorbis: bf7c407c2cedff20999df2af8eb42d56 -> 
  custom:audio-encoder-webm-vorbis: bf7c407c2cedff20999df2af8eb42d56 -> 
